{
    "FunctionName": "hello-cli",
    "FunctionArn": "arn:aws:lambda:us-east-1:412331479365:function:hello-cli:1",
    "Runtime": "nodejs12.x",
    "Role": "arn:aws:iam::412331479365:role/lambda-exemplo",
    "Handler": "index.handler",
    "CodeSize": 326,
    "Description": "",
    "Timeout": 3,
    "MemorySize": 128,
    "LastModified": "2020-04-17T01:51:45.518+0000",
    "CodeSha256": "aC7uvk5gTraYiNqw7yD3NmN6La/j9pWc/cUxsGQ+Ouo=",
    "Version": "1",
    "TracingConfig": {
        "Mode": "PassThrough"
    },
    "RevisionId": "bfbf325c-e903-4d19-b774-1db4dd8fdb6e",
    "State": "Active",
    "LastUpdateStatus": "Successful"
}
